2024-01-28 12:09:24,452 [INFO] com.dl.SunshineExampleApplication {main} Starting SunshineExampleApplication using Java 17.0.8.1 with PID 26880 (C:\Users\gnane\OneDrive\Desktop\com.sunshine.application\com.sunshine.application\sunshine_example\target\classes started by gnane in C:\Users\gnane\OneDrive\Desktop\com.sunshine.application\com.sunshine.application\sunshine_example)
2024-01-28 12:09:24,462 [INFO] com.dl.SunshineExampleApplication {main} No active profile set, falling back to 1 default profile: "default"
2024-01-28 12:09:27,005 [INFO] org.springframework.data.repository.config.RepositoryConfigurationDelegate {main} Bootstrapping Spring Data JPA repositories in DEFAULT mode.
2024-01-28 12:09:27,187 [INFO] org.springframework.data.repository.config.RepositoryConfigurationDelegate {main} Finished Spring Data repository scanning in 162 ms. Found 10 JPA repository interfaces.
2024-01-28 12:09:27,811 [INFO] org.springframework.context.support.PostProcessorRegistrationDelegate$BeanPostProcessorChecker {main} Bean 'org.springframework.ws.config.annotation.DelegatingWsConfiguration' of type [org.springframework.ws.config.annotation.DelegatingWsConfiguration$$SpringCGLIB$$0] is not eligible for getting processed by all BeanPostProcessors (for example: not eligible for auto-proxying)
2024-01-28 12:09:27,945 [INFO] org.springframework.ws.soap.addressing.server.AnnotationActionEndpointMapping {main} Supporting [WS-Addressing August 2004, WS-Addressing 1.0]
2024-01-28 12:09:29,160 [INFO] org.springframework.boot.web.embedded.tomcat.TomcatWebServer {main} Tomcat initialized with port(s): 9090 (http)
2024-01-28 12:09:29,190 [INFO] org.apache.catalina.core.StandardService {main} Starting service [Tomcat]
2024-01-28 12:09:29,190 [INFO] org.apache.catalina.core.StandardEngine {main} Starting Servlet engine: [Apache Tomcat/10.1.15]
2024-01-28 12:09:29,476 [INFO] org.apache.catalina.core.ContainerBase.[Tomcat].[localhost].[/] {main} Initializing Spring embedded WebApplicationContext
2024-01-28 12:09:29,476 [INFO] org.springframework.boot.web.servlet.context.ServletWebServerApplicationContext {main} Root WebApplicationContext: initialization completed in 4895 ms
2024-01-28 12:09:30,219 [INFO] org.hibernate.jpa.internal.util.LogHelper {main} HHH000204: Processing PersistenceUnitInfo [name: default]
2024-01-28 12:09:30,459 [INFO] org.hibernate.Version {main} HHH000412: Hibernate ORM core version 6.2.13.Final
2024-01-28 12:09:30,465 [INFO] org.hibernate.cfg.Environment {main} HHH000406: Using bytecode reflection optimizer
2024-01-28 12:09:30,859 [INFO] org.hibernate.envers.boot.internal.EnversServiceImpl {main} Envers integration enabled? : true
2024-01-28 12:09:31,341 [INFO] org.springframework.orm.jpa.persistenceunit.SpringPersistenceUnitInfo {main} No LoadTimeWeaver setup: ignoring JPA class transformer
2024-01-28 12:09:31,424 [INFO] com.zaxxer.hikari.HikariDataSource {main} HikariPool-1 - Starting...
2024-01-28 12:09:32,356 [INFO] com.zaxxer.hikari.pool.HikariPool {main} HikariPool-1 - Added connection com.mysql.cj.jdbc.ConnectionImpl@320fc4b0
2024-01-28 12:09:32,359 [INFO] com.zaxxer.hikari.HikariDataSource {main} HikariPool-1 - Start completed.
2024-01-28 12:09:32,564 [WARN] org.hibernate.orm.deprecation {main} HHH90000025: MySQLDialect does not need to be specified explicitly using 'hibernate.dialect' (remove the property setting and it will be selected by default)
2024-01-28 12:09:35,415 [INFO] org.hibernate.engine.transaction.jta.platform.internal.JtaPlatformInitiator {main} HHH000489: No JTA platform available (set 'hibernate.transaction.jta.platform' to enable JTA platform integration)
2024-01-28 12:09:35,856 [INFO] org.springframework.orm.jpa.LocalContainerEntityManagerFactoryBean {main} Initialized JPA EntityManagerFactory for persistence unit 'default'
2024-01-28 12:09:37,629 [INFO] org.springframework.data.jpa.repository.query.QueryEnhancerFactory {main} Hibernate is in classpath; If applicable, HQL parser will be used.
2024-01-28 12:09:39,335 [WARN] org.springframework.boot.autoconfigure.orm.jpa.JpaBaseConfiguration$JpaWebConfiguration {main} spring.jpa.open-in-view is enabled by default. Therefore, database queries may be performed during view rendering. Explicitly configure spring.jpa.open-in-view to disable this warning
2024-01-28 12:09:42,181 [INFO] org.springframework.boot.actuate.endpoint.web.EndpointLinksResolver {main} Exposing 14 endpoint(s) beneath base path '/actuator'
2024-01-28 12:09:42,428 [INFO] org.springframework.boot.web.embedded.tomcat.TomcatWebServer {main} Tomcat started on port(s): 9090 (http) with context path ''
2024-01-28 12:09:42,458 [INFO] com.dl.SunshineExampleApplication {main} Started SunshineExampleApplication in 19.044 seconds (process running for 21.055)
2024-01-28 12:09:50,620 [INFO] org.apache.catalina.core.ContainerBase.[Tomcat].[localhost].[/] {RMI TCP Connection(3)-127.0.0.1} Initializing Spring DispatcherServlet 'dispatcherServlet'
2024-01-28 12:09:50,620 [INFO] org.springframework.web.servlet.DispatcherServlet {RMI TCP Connection(3)-127.0.0.1} Initializing Servlet 'dispatcherServlet'
2024-01-28 12:09:50,631 [INFO] org.springframework.web.servlet.DispatcherServlet {RMI TCP Connection(3)-127.0.0.1} Completed initialization in 0 ms
2024-01-28 12:11:02,206 [INFO] com.dl.advice.CustomLoggingFramework {http-nio-9090-exec-1} execution started ResponseEntity com.dl.controller.VisitController.updateRecordsAccordingToStatus(VisitUpdateRequest) 
2024-01-28 12:11:02,238 [INFO] com.dl.advice.CustomLoggingFramework {http-nio-9090-exec-1} Request body [{"visitId":"1","status":"poc approved","comment":"looking nice","processed":false}]
2024-01-28 12:11:02,271 [INFO] com.dl.advice.CustomLoggingFramework {http-nio-9090-exec-1} execution started void com.dl.service.VisitService.updateExistingVisitAndCreateNewRecord(String,String,Stores,String,List) 
2024-01-28 12:11:02,271 [INFO] com.dl.advice.CustomLoggingFramework {http-nio-9090-exec-1} Request body ["1","poc approved",null,"looking nice",null]
2024-01-28 12:11:02,288 [INFO] com.dl.advice.CustomLoggingFramework {http-nio-9090-exec-1} execution started Optional org.springframework.data.repository.CrudRepository.findById(Object) 
2024-01-28 12:11:02,288 [INFO] com.dl.advice.CustomLoggingFramework {http-nio-9090-exec-1} Request body [1]
2024-01-28 12:11:02,586 [INFO] com.dl.advice.CustomLoggingFramework {http-nio-9090-exec-1} execution ended Optional org.springframework.data.repository.CrudRepository.findById(Object) 
2024-01-28 12:11:02,586 [INFO] com.dl.advice.CustomLoggingFramework {http-nio-9090-exec-1} Response  body {"empty":false,"present":true}
2024-01-28 12:11:02,586 [INFO] com.dl.advice.CustomLoggingFramework {http-nio-9090-exec-1} execution started Object org.springframework.data.repository.CrudRepository.save(Object) 
2024-01-28 12:11:02,602 [INFO] com.dl.advice.CustomLoggingFramework {http-nio-9090-exec-1} Request body [{"visitId":1,"comment":"looking good ","status":"Salesmen uploded store ","processed":true}]
2024-01-28 12:11:02,633 [INFO] com.dl.advice.CustomLoggingFramework {http-nio-9090-exec-1} execution ended Object org.springframework.data.repository.CrudRepository.save(Object) 
2024-01-28 12:11:02,639 [INFO] com.dl.advice.CustomLoggingFramework {http-nio-9090-exec-1} Response  body {"visitId":1,"comment":"looking good ","status":"Salesmen uploded store ","processed":true}
2024-01-28 12:11:02,639 [INFO] com.dl.advice.CustomLoggingFramework {http-nio-9090-exec-1} execution started Object org.springframework.data.repository.CrudRepository.save(Object) 
2024-01-28 12:11:02,639 [INFO] com.dl.advice.CustomLoggingFramework {http-nio-9090-exec-1} Request body [{"visitId":0,"comment":"looking nice","status":"poc approved","processed":false}]
2024-01-28 12:11:02,760 [WARN] org.hibernate.engine.jdbc.spi.SqlExceptionHelper {http-nio-9090-exec-1} SQL Error: 1048, SQLState: 23000
2024-01-28 12:11:02,760 [ERROR] org.hibernate.engine.jdbc.spi.SqlExceptionHelper {http-nio-9090-exec-1} Column 'storeId' cannot be null
2024-01-28 12:11:02,802 [INFO] com.dl.advice.MetricsRegistryAdvice {http-nio-9090-exec-1} application collecting metrics
2024-01-28 12:11:02,808 [INFO] com.dl.advice.MetricsRegistryAdvice {http-nio-9090-exec-1} application publish the metrics
2024-01-28 12:11:02,808 [INFO] com.dl.advice.LogExecutionTracker {http-nio-9090-exec-1}  method ResponseEntity com.dl.controller.VisitController.updateRecordsAccordingToStatus(VisitUpdateRequest) execution takes 549 ms times to complete 
2024-01-28 12:11:02,808 [INFO] com.dl.advice.CustomLoggingFramework {http-nio-9090-exec-1} execution ended ResponseEntity com.dl.controller.VisitController.updateRecordsAccordingToStatus(VisitUpdateRequest) 
2024-01-28 12:11:02,823 [INFO] com.dl.advice.CustomLoggingFramework {http-nio-9090-exec-1} Response  body {"headers":{},"body":"Error updating records: could not execute statement [Column 'storeId' cannot be null] [insert into Visit (comment,isProcessed,status,storeId) values (?,?,?,?)]; SQL [insert into Visit (comment,isProcessed,status,storeId) values (?,?,?,?)]; constraint [null]","statusCode":"INTERNAL_SERVER_ERROR","statusCodeValue":500}
2024-01-28 12:12:51,983 [INFO] com.dl.advice.CustomLoggingFramework {http-nio-9090-exec-3} execution started ResponseEntity com.dl.controller.VisitController.updateRecordsAccordingToStatus(VisitUpdateRequest) 
2024-01-28 12:12:51,992 [INFO] com.dl.advice.CustomLoggingFramework {http-nio-9090-exec-3} Request body [{"visitId":"1","status":"New Visit Status","comment":"New Visit Comment","processed":false}]
2024-01-28 12:12:51,995 [INFO] com.dl.advice.CustomLoggingFramework {http-nio-9090-exec-3} execution started void com.dl.service.VisitService.updateExistingVisitAndCreateNewRecord(String,String,Stores,String,List) 
2024-01-28 12:12:51,999 [INFO] com.dl.advice.CustomLoggingFramework {http-nio-9090-exec-3} Request body ["1","New Visit Status",null,"New Visit Comment",null]
2024-01-28 12:12:51,999 [INFO] com.dl.advice.CustomLoggingFramework {http-nio-9090-exec-3} execution started Optional org.springframework.data.repository.CrudRepository.findById(Object) 
2024-01-28 12:12:51,999 [INFO] com.dl.advice.CustomLoggingFramework {http-nio-9090-exec-3} Request body [1]
2024-01-28 12:12:52,008 [INFO] com.dl.advice.CustomLoggingFramework {http-nio-9090-exec-3} execution ended Optional org.springframework.data.repository.CrudRepository.findById(Object) 
2024-01-28 12:12:52,010 [INFO] com.dl.advice.CustomLoggingFramework {http-nio-9090-exec-3} Response  body {"empty":false,"present":true}
2024-01-28 12:12:52,010 [INFO] com.dl.advice.CustomLoggingFramework {http-nio-9090-exec-3} execution started Object org.springframework.data.repository.CrudRepository.save(Object) 
2024-01-28 12:12:52,010 [INFO] com.dl.advice.CustomLoggingFramework {http-nio-9090-exec-3} Request body [{"visitId":1,"comment":"looking good ","status":"Salesmen uploded store ","processed":true}]
2024-01-28 12:12:52,010 [INFO] com.dl.advice.CustomLoggingFramework {http-nio-9090-exec-3} execution ended Object org.springframework.data.repository.CrudRepository.save(Object) 
2024-01-28 12:12:52,016 [INFO] com.dl.advice.CustomLoggingFramework {http-nio-9090-exec-3} Response  body {"visitId":1,"comment":"looking good ","status":"Salesmen uploded store ","processed":true}
2024-01-28 12:12:52,016 [INFO] com.dl.advice.CustomLoggingFramework {http-nio-9090-exec-3} execution started Object org.springframework.data.repository.CrudRepository.save(Object) 
2024-01-28 12:12:52,016 [INFO] com.dl.advice.CustomLoggingFramework {http-nio-9090-exec-3} Request body [{"visitId":0,"comment":"New Visit Comment","status":"New Visit Status","processed":false}]
2024-01-28 12:12:52,024 [WARN] org.hibernate.engine.jdbc.spi.SqlExceptionHelper {http-nio-9090-exec-3} SQL Error: 1048, SQLState: 23000
2024-01-28 12:12:52,024 [ERROR] org.hibernate.engine.jdbc.spi.SqlExceptionHelper {http-nio-9090-exec-3} Column 'storeId' cannot be null
2024-01-28 12:12:52,032 [INFO] com.dl.advice.MetricsRegistryAdvice {http-nio-9090-exec-3} application collecting metrics
2024-01-28 12:12:52,032 [INFO] com.dl.advice.MetricsRegistryAdvice {http-nio-9090-exec-3} application publish the metrics
2024-01-28 12:12:52,032 [INFO] com.dl.advice.LogExecutionTracker {http-nio-9090-exec-3}  method ResponseEntity com.dl.controller.VisitController.updateRecordsAccordingToStatus(VisitUpdateRequest) execution takes 40 ms times to complete 
2024-01-28 12:12:52,032 [INFO] com.dl.advice.CustomLoggingFramework {http-nio-9090-exec-3} execution ended ResponseEntity com.dl.controller.VisitController.updateRecordsAccordingToStatus(VisitUpdateRequest) 
2024-01-28 12:12:52,040 [INFO] com.dl.advice.CustomLoggingFramework {http-nio-9090-exec-3} Response  body {"headers":{},"body":"Error updating records: could not execute statement [Column 'storeId' cannot be null] [insert into Visit (comment,isProcessed,status,storeId) values (?,?,?,?)]; SQL [insert into Visit (comment,isProcessed,status,storeId) values (?,?,?,?)]; constraint [null]","statusCode":"INTERNAL_SERVER_ERROR","statusCodeValue":500}
2024-01-28 12:19:01,491 [INFO] com.dl.advice.CustomLoggingFramework {http-nio-9090-exec-5} execution started ResponseEntity com.dl.controller.VisitController.updateRecordsAccordingToStatus(VisitUpdateRequest) 
2024-01-28 12:19:01,499 [INFO] com.dl.advice.CustomLoggingFramework {http-nio-9090-exec-5} Request body [{"visitId":"1","status":"New Visit Status","comment":"New Visit Comment","processed":false}]
2024-01-28 12:19:01,499 [INFO] com.dl.advice.CustomLoggingFramework {http-nio-9090-exec-5} execution started void com.dl.service.VisitService.updateExistingVisitAndCreateNewRecord(String,String,Stores,String,List) 
2024-01-28 12:19:01,499 [INFO] com.dl.advice.CustomLoggingFramework {http-nio-9090-exec-5} Request body ["1","New Visit Status",null,"New Visit Comment",null]
2024-01-28 12:19:01,499 [INFO] com.dl.advice.CustomLoggingFramework {http-nio-9090-exec-5} execution started Optional org.springframework.data.repository.CrudRepository.findById(Object) 
2024-01-28 12:19:01,507 [INFO] com.dl.advice.CustomLoggingFramework {http-nio-9090-exec-5} Request body [1]
2024-01-28 12:19:01,507 [INFO] com.dl.advice.CustomLoggingFramework {http-nio-9090-exec-5} execution ended Optional org.springframework.data.repository.CrudRepository.findById(Object) 
2024-01-28 12:19:01,515 [INFO] com.dl.advice.CustomLoggingFramework {http-nio-9090-exec-5} Response  body {"empty":false,"present":true}
2024-01-28 12:19:01,515 [INFO] com.dl.advice.CustomLoggingFramework {http-nio-9090-exec-5} execution started Object org.springframework.data.repository.CrudRepository.save(Object) 
2024-01-28 12:19:01,515 [INFO] com.dl.advice.CustomLoggingFramework {http-nio-9090-exec-5} Request body [{"visitId":1,"comment":"looking good ","status":"Salesmen uploded store ","processed":true}]
2024-01-28 12:19:01,515 [INFO] com.dl.advice.CustomLoggingFramework {http-nio-9090-exec-5} execution ended Object org.springframework.data.repository.CrudRepository.save(Object) 
2024-01-28 12:19:01,523 [INFO] com.dl.advice.CustomLoggingFramework {http-nio-9090-exec-5} Response  body {"visitId":1,"comment":"looking good ","status":"Salesmen uploded store ","processed":true}
2024-01-28 12:19:01,523 [INFO] com.dl.advice.CustomLoggingFramework {http-nio-9090-exec-5} execution started Object org.springframework.data.repository.CrudRepository.save(Object) 
2024-01-28 12:19:01,523 [INFO] com.dl.advice.CustomLoggingFramework {http-nio-9090-exec-5} Request body [{"visitId":0,"comment":"New Visit Comment","status":"New Visit Status","processed":false}]
2024-01-28 12:19:01,531 [WARN] org.hibernate.engine.jdbc.spi.SqlExceptionHelper {http-nio-9090-exec-5} SQL Error: 1048, SQLState: 23000
2024-01-28 12:19:01,531 [ERROR] org.hibernate.engine.jdbc.spi.SqlExceptionHelper {http-nio-9090-exec-5} Column 'storeId' cannot be null
2024-01-28 12:19:01,539 [INFO] com.dl.advice.MetricsRegistryAdvice {http-nio-9090-exec-5} application collecting metrics
2024-01-28 12:19:01,539 [INFO] com.dl.advice.MetricsRegistryAdvice {http-nio-9090-exec-5} application publish the metrics
2024-01-28 12:19:01,539 [INFO] com.dl.advice.LogExecutionTracker {http-nio-9090-exec-5}  method ResponseEntity com.dl.controller.VisitController.updateRecordsAccordingToStatus(VisitUpdateRequest) execution takes 40 ms times to complete 
2024-01-28 12:19:01,539 [INFO] com.dl.advice.CustomLoggingFramework {http-nio-9090-exec-5} execution ended ResponseEntity com.dl.controller.VisitController.updateRecordsAccordingToStatus(VisitUpdateRequest) 
2024-01-28 12:19:01,547 [INFO] com.dl.advice.CustomLoggingFramework {http-nio-9090-exec-5} Response  body {"headers":{},"body":"Error updating records: could not execute statement [Column 'storeId' cannot be null] [insert into Visit (comment,isProcessed,status,storeId) values (?,?,?,?)]; SQL [insert into Visit (comment,isProcessed,status,storeId) values (?,?,?,?)]; constraint [null]","statusCode":"INTERNAL_SERVER_ERROR","statusCodeValue":500}
2024-01-28 12:20:49,833 [INFO] com.dl.advice.CustomLoggingFramework {http-nio-9090-exec-6} execution started ResponseEntity com.dl.controller.VisitController.updateRecordsAccordingToStatus(VisitUpdateRequest) 
2024-01-28 12:20:49,835 [INFO] com.dl.advice.CustomLoggingFramework {http-nio-9090-exec-6} Request body [{"visitId":"1","status":"poc approved","comment":"looking nice","processed":false}]
2024-01-28 12:20:49,836 [INFO] com.dl.advice.CustomLoggingFramework {http-nio-9090-exec-6} execution started void com.dl.service.VisitService.updateExistingVisitAndCreateNewRecord(String,String,Stores,String,List) 
2024-01-28 12:20:49,840 [INFO] com.dl.advice.CustomLoggingFramework {http-nio-9090-exec-6} Request body ["1","poc approved",null,"looking nice",null]
2024-01-28 12:20:49,841 [INFO] com.dl.advice.CustomLoggingFramework {http-nio-9090-exec-6} execution started Optional org.springframework.data.repository.CrudRepository.findById(Object) 
2024-01-28 12:20:49,842 [INFO] com.dl.advice.CustomLoggingFramework {http-nio-9090-exec-6} Request body [1]
2024-01-28 12:20:49,843 [INFO] com.dl.advice.CustomLoggingFramework {http-nio-9090-exec-6} execution ended Optional org.springframework.data.repository.CrudRepository.findById(Object) 
2024-01-28 12:20:49,843 [INFO] com.dl.advice.CustomLoggingFramework {http-nio-9090-exec-6} Response  body {"empty":false,"present":true}
2024-01-28 12:20:49,843 [INFO] com.dl.advice.CustomLoggingFramework {http-nio-9090-exec-6} execution started Object org.springframework.data.repository.CrudRepository.save(Object) 
2024-01-28 12:20:49,843 [INFO] com.dl.advice.CustomLoggingFramework {http-nio-9090-exec-6} Request body [{"visitId":1,"comment":"looking good ","status":"Salesmen uploded store ","processed":true}]
2024-01-28 12:20:49,858 [INFO] com.dl.advice.CustomLoggingFramework {http-nio-9090-exec-6} execution ended Object org.springframework.data.repository.CrudRepository.save(Object) 
2024-01-28 12:20:49,858 [INFO] com.dl.advice.CustomLoggingFramework {http-nio-9090-exec-6} Response  body {"visitId":1,"comment":"looking good ","status":"Salesmen uploded store ","processed":true}
2024-01-28 12:20:49,858 [INFO] com.dl.advice.CustomLoggingFramework {http-nio-9090-exec-6} execution started Object org.springframework.data.repository.CrudRepository.save(Object) 
2024-01-28 12:20:49,864 [INFO] com.dl.advice.CustomLoggingFramework {http-nio-9090-exec-6} Request body [{"visitId":0,"comment":"looking nice","status":"poc approved","processed":false}]
2024-01-28 12:20:49,871 [WARN] org.hibernate.engine.jdbc.spi.SqlExceptionHelper {http-nio-9090-exec-6} SQL Error: 1048, SQLState: 23000
2024-01-28 12:20:49,871 [ERROR] org.hibernate.engine.jdbc.spi.SqlExceptionHelper {http-nio-9090-exec-6} Column 'storeId' cannot be null
2024-01-28 12:20:49,874 [INFO] com.dl.advice.MetricsRegistryAdvice {http-nio-9090-exec-6} application collecting metrics
2024-01-28 12:20:49,874 [INFO] com.dl.advice.MetricsRegistryAdvice {http-nio-9090-exec-6} application publish the metrics
2024-01-28 12:20:49,874 [INFO] com.dl.advice.LogExecutionTracker {http-nio-9090-exec-6}  method ResponseEntity com.dl.controller.VisitController.updateRecordsAccordingToStatus(VisitUpdateRequest) execution takes 38 ms times to complete 
2024-01-28 12:20:49,874 [INFO] com.dl.advice.CustomLoggingFramework {http-nio-9090-exec-6} execution ended ResponseEntity com.dl.controller.VisitController.updateRecordsAccordingToStatus(VisitUpdateRequest) 
2024-01-28 12:20:49,887 [INFO] com.dl.advice.CustomLoggingFramework {http-nio-9090-exec-6} Response  body {"headers":{},"body":"Error updating records: could not execute statement [Column 'storeId' cannot be null] [insert into Visit (comment,isProcessed,status,storeId) values (?,?,?,?)]; SQL [insert into Visit (comment,isProcessed,status,storeId) values (?,?,?,?)]; constraint [null]","statusCode":"INTERNAL_SERVER_ERROR","statusCodeValue":500}
2024-01-28 12:21:59,388 [INFO] com.dl.advice.CustomLoggingFramework {http-nio-9090-exec-7} execution started ResponseEntity com.dl.controller.VisitController.updateRecordsAccordingToStatus(VisitUpdateRequest) 
2024-01-28 12:21:59,390 [INFO] com.dl.advice.CustomLoggingFramework {http-nio-9090-exec-7} Request body [{"visitId":"1","status":"poc approved","comment":"looking nice","processed":false}]
2024-01-28 12:21:59,396 [INFO] com.dl.advice.CustomLoggingFramework {http-nio-9090-exec-7} execution started void com.dl.service.VisitService.updateExistingVisitAndCreateNewRecord(String,String,Stores,String,List) 
2024-01-28 12:21:59,396 [INFO] com.dl.advice.CustomLoggingFramework {http-nio-9090-exec-7} Request body ["1","poc approved",null,"looking nice",null]
2024-01-28 12:21:59,396 [INFO] com.dl.advice.CustomLoggingFramework {http-nio-9090-exec-7} execution started Optional org.springframework.data.repository.CrudRepository.findById(Object) 
2024-01-28 12:21:59,396 [INFO] com.dl.advice.CustomLoggingFramework {http-nio-9090-exec-7} Request body [1]
2024-01-28 12:21:59,404 [INFO] com.dl.advice.CustomLoggingFramework {http-nio-9090-exec-7} execution ended Optional org.springframework.data.repository.CrudRepository.findById(Object) 
2024-01-28 12:21:59,409 [INFO] com.dl.advice.CustomLoggingFramework {http-nio-9090-exec-7} Response  body {"empty":false,"present":true}
2024-01-28 12:21:59,409 [INFO] com.dl.advice.CustomLoggingFramework {http-nio-9090-exec-7} execution started Object org.springframework.data.repository.CrudRepository.save(Object) 
2024-01-28 12:21:59,409 [INFO] com.dl.advice.CustomLoggingFramework {http-nio-9090-exec-7} Request body [{"visitId":1,"comment":"looking good ","status":"Salesmen uploded store ","processed":true}]
2024-01-28 12:21:59,409 [INFO] com.dl.advice.CustomLoggingFramework {http-nio-9090-exec-7} execution ended Object org.springframework.data.repository.CrudRepository.save(Object) 
2024-01-28 12:21:59,421 [INFO] com.dl.advice.CustomLoggingFramework {http-nio-9090-exec-7} Response  body {"visitId":1,"comment":"looking good ","status":"Salesmen uploded store ","processed":true}
2024-01-28 12:21:59,422 [INFO] com.dl.advice.CustomLoggingFramework {http-nio-9090-exec-7} execution started Object org.springframework.data.repository.CrudRepository.save(Object) 
2024-01-28 12:21:59,422 [INFO] com.dl.advice.CustomLoggingFramework {http-nio-9090-exec-7} Request body [{"visitId":0,"comment":"looking nice","status":"poc approved","processed":false}]
2024-01-28 12:21:59,427 [WARN] org.hibernate.engine.jdbc.spi.SqlExceptionHelper {http-nio-9090-exec-7} SQL Error: 1048, SQLState: 23000
2024-01-28 12:21:59,427 [ERROR] org.hibernate.engine.jdbc.spi.SqlExceptionHelper {http-nio-9090-exec-7} Column 'storeId' cannot be null
2024-01-28 12:21:59,439 [INFO] com.dl.advice.MetricsRegistryAdvice {http-nio-9090-exec-7} application collecting metrics
2024-01-28 12:21:59,439 [INFO] com.dl.advice.MetricsRegistryAdvice {http-nio-9090-exec-7} application publish the metrics
2024-01-28 12:21:59,439 [INFO] com.dl.advice.LogExecutionTracker {http-nio-9090-exec-7}  method ResponseEntity com.dl.controller.VisitController.updateRecordsAccordingToStatus(VisitUpdateRequest) execution takes 49 ms times to complete 
2024-01-28 12:21:59,439 [INFO] com.dl.advice.CustomLoggingFramework {http-nio-9090-exec-7} execution ended ResponseEntity com.dl.controller.VisitController.updateRecordsAccordingToStatus(VisitUpdateRequest) 
2024-01-28 12:21:59,447 [INFO] com.dl.advice.CustomLoggingFramework {http-nio-9090-exec-7} Response  body {"headers":{},"body":"Error updating records: could not execute statement [Column 'storeId' cannot be null] [insert into Visit (comment,isProcessed,status,storeId) values (?,?,?,?)]; SQL [insert into Visit (comment,isProcessed,status,storeId) values (?,?,?,?)]; constraint [null]","statusCode":"INTERNAL_SERVER_ERROR","statusCodeValue":500}
2024-01-28 12:23:44,161 [INFO] com.dl.advice.CustomLoggingFramework {http-nio-9090-exec-8} execution started List com.dl.controller.UserController.getAllUsers() 
2024-01-28 12:23:44,161 [INFO] com.dl.advice.CustomLoggingFramework {http-nio-9090-exec-8} Request body []
2024-01-28 12:23:44,164 [INFO] com.dl.advice.CustomLoggingFramework {http-nio-9090-exec-8} execution started List com.dl.service.UserService.getAllUsers() 
2024-01-28 12:23:44,164 [INFO] com.dl.advice.CustomLoggingFramework {http-nio-9090-exec-8} Request body []
2024-01-28 12:23:44,362 [INFO] com.dl.advice.CustomLoggingFramework {http-nio-9090-exec-8} execution ended List com.dl.service.UserService.getAllUsers() 
2024-01-28 12:23:44,588 [INFO] com.dl.advice.CustomLoggingFramework {http-nio-9090-exec-8} Response  body [{"userId":1,"name":"vivek","phone":8886665190,"userEmail":"vivek@gmail.com","password":"Vivek@123","assignRoles":[{"roleId":5,"roleName":" Head Office (HO) ","assignGroups":[{"groupId":1,"groupName":"full acces to user","assignPermissions":[{"permissionId":1,"permissionName":"permissiton to add user","active":true},{"permissionId":2,"permissionName":"permissiton to view user","active":true},{"permissionId":3,"permissionName":"permissiton to update user","active":true},{"permissionId":4,"permissionName":"permissiton to delete user","active":true}],"active":true},{"groupId":2,"groupName":"write acces ","assignPermissions":[],"active":true}],"active":true}],"assigneStores":[],"active":true},{"userId":2,"name":"venkat","phone":9993485933,"userEmail":"venkat@gmail.com","password":"Venkat@123","assignRoles":[],"assigneStores":[],"active":true},{"userId":3,"name":"gnanu","phone":9381100428,"userEmail":"gnanu@gmail.com","password":"gnanu@123","assignRoles":[{"roleId":6,"roleName":"Store Owner","assignGroups":[{"groupId":3,"groupName":"read acces for store","assignPermissions":[{"permissionId":6,"permissionName":"permissiton to view store","active":true}],"active":true}],"active":true}],"assigneStores":[{"storeId":1,"storeName":"Ashok pan mahal ","latitude":"16°° 98' 39.724'' N ","longitude":"34° 38' 3.6748'' E.","storeCategory":"small","pincode":500019,"storeAttributeDetails":[],"visits":[],"active":true}],"active":true},{"userId":4,"name":"ravi","phone":9381888428,"userEmail":"ravi@gmail.com","password":"ravi@123","assignRoles":[],"assigneStores":[],"active":true},{"userId":5,"name":"kranthi","phone":9000120807,"userEmail":"kranthi@gmail.com","password":"kranthi@123","assignRoles":[],"assigneStores":[],"active":true},{"userId":6,"name":"pavan","phone":8328402474,"userEmail":"pavan@gmail.com","password":"pavan@123","assignRoles":[],"assigneStores":[],"active":true},{"userId":7,"name":"vinay","phone":7799208105,"userEmail":"vinay@gmail.com","password":"vinay@123","assignRoles":[],"assigneStores":[],"active":true},{"userId":8,"name":"vinay","phone":7799208105,"userEmail":"vinay@gmail.com","password":"vinay@123","assignRoles":[],"assigneStores":[],"active":true}]
2024-01-28 12:23:44,588 [INFO] com.dl.advice.MetricsRegistryAdvice {http-nio-9090-exec-8} application collecting metrics
2024-01-28 12:23:44,596 [INFO] com.dl.advice.MetricsRegistryAdvice {http-nio-9090-exec-8} application publish the metrics
2024-01-28 12:23:44,596 [INFO] com.dl.advice.LogExecutionTracker {http-nio-9090-exec-8}  method List com.dl.controller.UserController.getAllUsers() execution takes 435 ms times to complete 
2024-01-28 12:23:44,596 [INFO] com.dl.advice.CustomLoggingFramework {http-nio-9090-exec-8} execution ended List com.dl.controller.UserController.getAllUsers() 
2024-01-28 12:23:44,613 [INFO] com.dl.advice.CustomLoggingFramework {http-nio-9090-exec-8} Response  body [{"userId":1,"name":"vivek","phone":8886665190,"userEmail":"vivek@gmail.com","password":"Vivek@123","assignRoles":[{"roleId":5,"roleName":" Head Office (HO) ","assignGroups":[{"groupId":1,"groupName":"full acces to user","assignPermissions":[{"permissionId":1,"permissionName":"permissiton to add user","active":true},{"permissionId":2,"permissionName":"permissiton to view user","active":true},{"permissionId":3,"permissionName":"permissiton to update user","active":true},{"permissionId":4,"permissionName":"permissiton to delete user","active":true}],"active":true},{"groupId":2,"groupName":"write acces ","assignPermissions":[],"active":true}],"active":true}],"assigneStores":[],"active":true},{"userId":2,"name":"venkat","phone":9993485933,"userEmail":"venkat@gmail.com","password":"Venkat@123","assignRoles":[],"assigneStores":[],"active":true},{"userId":3,"name":"gnanu","phone":9381100428,"userEmail":"gnanu@gmail.com","password":"gnanu@123","assignRoles":[{"roleId":6,"roleName":"Store Owner","assignGroups":[{"groupId":3,"groupName":"read acces for store","assignPermissions":[{"permissionId":6,"permissionName":"permissiton to view store","active":true}],"active":true}],"active":true}],"assigneStores":[{"storeId":1,"storeName":"Ashok pan mahal ","latitude":"16°° 98' 39.724'' N ","longitude":"34° 38' 3.6748'' E.","storeCategory":"small","pincode":500019,"storeAttributeDetails":[],"visits":[],"active":true}],"active":true},{"userId":4,"name":"ravi","phone":9381888428,"userEmail":"ravi@gmail.com","password":"ravi@123","assignRoles":[],"assigneStores":[],"active":true},{"userId":5,"name":"kranthi","phone":9000120807,"userEmail":"kranthi@gmail.com","password":"kranthi@123","assignRoles":[],"assigneStores":[],"active":true},{"userId":6,"name":"pavan","phone":8328402474,"userEmail":"pavan@gmail.com","password":"pavan@123","assignRoles":[],"assigneStores":[],"active":true},{"userId":7,"name":"vinay","phone":7799208105,"userEmail":"vinay@gmail.com","password":"vinay@123","assignRoles":[],"assigneStores":[],"active":true},{"userId":8,"name":"vinay","phone":7799208105,"userEmail":"vinay@gmail.com","password":"vinay@123","assignRoles":[],"assigneStores":[],"active":true}]
2024-01-28 12:24:35,579 [INFO] com.dl.advice.CustomLoggingFramework {http-nio-9090-exec-10} execution started List com.dl.controller.RolesController.getAllRolles() 
2024-01-28 12:24:35,579 [INFO] com.dl.advice.CustomLoggingFramework {http-nio-9090-exec-10} Request body []
2024-01-28 12:24:35,579 [INFO] com.dl.advice.CustomLoggingFramework {http-nio-9090-exec-10} execution started List com.dl.service.RolesService.getAllRoles() 
2024-01-28 12:24:35,579 [INFO] com.dl.advice.CustomLoggingFramework {http-nio-9090-exec-10} Request body []
2024-01-28 12:24:35,607 [INFO] com.dl.advice.CustomLoggingFramework {http-nio-9090-exec-10} execution ended List com.dl.service.RolesService.getAllRoles() 
2024-01-28 12:24:35,657 [INFO] com.dl.advice.CustomLoggingFramework {http-nio-9090-exec-10} Response  body [{"roleId":1,"roleName":"Salesmen","assignGroups":[],"active":true},{"roleId":2,"roleName":"Point Of Contact (POC)","assignGroups":[],"active":true},{"roleId":3,"roleName":" Quality Check (QC) ","assignGroups":[],"active":true},{"roleId":4,"roleName":" Resource and Service Description (RSD) ","assignGroups":[],"active":true},{"roleId":5,"roleName":" Head Office (HO) ","assignGroups":[{"groupId":1,"groupName":"full acces to user","assignPermissions":[{"permissionId":1,"permissionName":"permissiton to add user","active":true},{"permissionId":2,"permissionName":"permissiton to view user","active":true},{"permissionId":3,"permissionName":"permissiton to update user","active":true},{"permissionId":4,"permissionName":"permissiton to delete user","active":true}],"active":true},{"groupId":2,"groupName":"write acces ","assignPermissions":[],"active":true}],"active":true},{"roleId":6,"roleName":"Store Owner","assignGroups":[{"groupId":3,"groupName":"read acces for store","assignPermissions":[{"permissionId":6,"permissionName":"permissiton to view store","active":true}],"active":true}],"active":true}]
2024-01-28 12:24:35,657 [INFO] com.dl.advice.MetricsRegistryAdvice {http-nio-9090-exec-10} application collecting metrics
2024-01-28 12:24:35,662 [INFO] com.dl.advice.MetricsRegistryAdvice {http-nio-9090-exec-10} application publish the metrics
2024-01-28 12:24:35,662 [INFO] com.dl.advice.CustomLoggingFramework {http-nio-9090-exec-10} execution ended List com.dl.controller.RolesController.getAllRolles() 
2024-01-28 12:24:35,674 [INFO] com.dl.advice.CustomLoggingFramework {http-nio-9090-exec-10} Response  body [{"roleId":1,"roleName":"Salesmen","assignGroups":[],"active":true},{"roleId":2,"roleName":"Point Of Contact (POC)","assignGroups":[],"active":true},{"roleId":3,"roleName":" Quality Check (QC) ","assignGroups":[],"active":true},{"roleId":4,"roleName":" Resource and Service Description (RSD) ","assignGroups":[],"active":true},{"roleId":5,"roleName":" Head Office (HO) ","assignGroups":[{"groupId":1,"groupName":"full acces to user","assignPermissions":[{"permissionId":1,"permissionName":"permissiton to add user","active":true},{"permissionId":2,"permissionName":"permissiton to view user","active":true},{"permissionId":3,"permissionName":"permissiton to update user","active":true},{"permissionId":4,"permissionName":"permissiton to delete user","active":true}],"active":true},{"groupId":2,"groupName":"write acces ","assignPermissions":[],"active":true}],"active":true},{"roleId":6,"roleName":"Store Owner","assignGroups":[{"groupId":3,"groupName":"read acces for store","assignPermissions":[{"permissionId":6,"permissionName":"permissiton to view store","active":true}],"active":true}],"active":true}]
2024-01-28 12:36:05,522 [INFO] org.springframework.boot.admin.SpringApplicationAdminMXBeanRegistrar$SpringApplicationAdmin {RMI TCP Connection(32)-127.0.0.1} Application shutdown requested.
2024-01-28 12:36:06,065 [INFO] org.apache.catalina.core.StandardService {RMI TCP Connection(32)-127.0.0.1} Stopping service [Tomcat]
2024-01-28 12:36:06,101 [INFO] org.apache.catalina.core.ContainerBase.[Tomcat].[localhost].[/] {RMI TCP Connection(32)-127.0.0.1} Destroying Spring FrameworkServlet 'dispatcherServlet'
2024-01-28 12:36:06,273 [INFO] org.springframework.orm.jpa.LocalContainerEntityManagerFactoryBean {RMI TCP Connection(32)-127.0.0.1} Closing JPA EntityManagerFactory for persistence unit 'default'
2024-01-28 12:36:06,353 [INFO] com.zaxxer.hikari.HikariDataSource {RMI TCP Connection(32)-127.0.0.1} HikariPool-1 - Shutdown initiated...
2024-01-28 12:36:06,455 [INFO] com.zaxxer.hikari.HikariDataSource {RMI TCP Connection(32)-127.0.0.1} HikariPool-1 - Shutdown completed.
2024-01-28 12:36:10,619 [INFO] com.dl.SunshineExampleApplication {main} Starting SunshineExampleApplication using Java 17.0.8.1 with PID 9920 (C:\Users\gnane\OneDrive\Desktop\com.sunshine.application\com.sunshine.application\sunshine_example\target\classes started by gnane in C:\Users\gnane\OneDrive\Desktop\com.sunshine.application\com.sunshine.application\sunshine_example)
2024-01-28 12:36:10,624 [INFO] com.dl.SunshineExampleApplication {main} No active profile set, falling back to 1 default profile: "default"
2024-01-28 12:36:13,071 [INFO] org.springframework.data.repository.config.RepositoryConfigurationDelegate {main} Bootstrapping Spring Data JPA repositories in DEFAULT mode.
2024-01-28 12:36:13,268 [INFO] org.springframework.data.repository.config.RepositoryConfigurationDelegate {main} Finished Spring Data repository scanning in 173 ms. Found 10 JPA repository interfaces.
2024-01-28 12:36:13,895 [INFO] org.springframework.context.support.PostProcessorRegistrationDelegate$BeanPostProcessorChecker {main} Bean 'org.springframework.ws.config.annotation.DelegatingWsConfiguration' of type [org.springframework.ws.config.annotation.DelegatingWsConfiguration$$SpringCGLIB$$0] is not eligible for getting processed by all BeanPostProcessors (for example: not eligible for auto-proxying)
2024-01-28 12:36:14,017 [INFO] org.springframework.ws.soap.addressing.server.AnnotationActionEndpointMapping {main} Supporting [WS-Addressing August 2004, WS-Addressing 1.0]
2024-01-28 12:36:15,298 [INFO] org.springframework.boot.web.embedded.tomcat.TomcatWebServer {main} Tomcat initialized with port(s): 9090 (http)
2024-01-28 12:36:15,323 [INFO] org.apache.catalina.core.StandardService {main} Starting service [Tomcat]
2024-01-28 12:36:15,324 [INFO] org.apache.catalina.core.StandardEngine {main} Starting Servlet engine: [Apache Tomcat/10.1.15]
2024-01-28 12:36:15,585 [INFO] org.apache.catalina.core.ContainerBase.[Tomcat].[localhost].[/] {main} Initializing Spring embedded WebApplicationContext
2024-01-28 12:36:15,585 [INFO] org.springframework.boot.web.servlet.context.ServletWebServerApplicationContext {main} Root WebApplicationContext: initialization completed in 4846 ms
2024-01-28 12:36:16,300 [INFO] org.hibernate.jpa.internal.util.LogHelper {main} HHH000204: Processing PersistenceUnitInfo [name: default]
2024-01-28 12:36:16,514 [INFO] org.hibernate.Version {main} HHH000412: Hibernate ORM core version 6.2.13.Final
2024-01-28 12:36:16,520 [INFO] org.hibernate.cfg.Environment {main} HHH000406: Using bytecode reflection optimizer
2024-01-28 12:36:16,884 [INFO] org.hibernate.envers.boot.internal.EnversServiceImpl {main} Envers integration enabled? : true
2024-01-28 12:36:17,306 [INFO] org.springframework.orm.jpa.persistenceunit.SpringPersistenceUnitInfo {main} No LoadTimeWeaver setup: ignoring JPA class transformer
2024-01-28 12:36:17,383 [INFO] com.zaxxer.hikari.HikariDataSource {main} HikariPool-1 - Starting...
2024-01-28 12:36:18,132 [INFO] com.zaxxer.hikari.pool.HikariPool {main} HikariPool-1 - Added connection com.mysql.cj.jdbc.ConnectionImpl@61ce238e
2024-01-28 12:36:18,136 [INFO] com.zaxxer.hikari.HikariDataSource {main} HikariPool-1 - Start completed.
2024-01-28 12:36:18,267 [WARN] org.hibernate.orm.deprecation {main} HHH90000025: MySQLDialect does not need to be specified explicitly using 'hibernate.dialect' (remove the property setting and it will be selected by default)
2024-01-28 12:36:20,795 [INFO] org.hibernate.engine.transaction.jta.platform.internal.JtaPlatformInitiator {main} HHH000489: No JTA platform available (set 'hibernate.transaction.jta.platform' to enable JTA platform integration)
2024-01-28 12:36:21,091 [INFO] org.springframework.orm.jpa.LocalContainerEntityManagerFactoryBean {main} Initialized JPA EntityManagerFactory for persistence unit 'default'
2024-01-28 12:36:22,777 [INFO] org.springframework.data.jpa.repository.query.QueryEnhancerFactory {main} Hibernate is in classpath; If applicable, HQL parser will be used.
2024-01-28 12:36:24,340 [WARN] org.springframework.boot.autoconfigure.orm.jpa.JpaBaseConfiguration$JpaWebConfiguration {main} spring.jpa.open-in-view is enabled by default. Therefore, database queries may be performed during view rendering. Explicitly configure spring.jpa.open-in-view to disable this warning
2024-01-28 12:36:27,096 [INFO] org.springframework.boot.actuate.endpoint.web.EndpointLinksResolver {main} Exposing 14 endpoint(s) beneath base path '/actuator'
2024-01-28 12:36:27,300 [INFO] org.springframework.boot.web.embedded.tomcat.TomcatWebServer {main} Tomcat started on port(s): 9090 (http) with context path ''
2024-01-28 12:36:27,325 [INFO] com.dl.SunshineExampleApplication {main} Started SunshineExampleApplication in 17.521 seconds (process running for 18.785)
2024-01-28 12:36:30,447 [INFO] org.apache.catalina.core.ContainerBase.[Tomcat].[localhost].[/] {RMI TCP Connection(3)-127.0.0.1} Initializing Spring DispatcherServlet 'dispatcherServlet'
2024-01-28 12:36:30,448 [INFO] org.springframework.web.servlet.DispatcherServlet {RMI TCP Connection(3)-127.0.0.1} Initializing Servlet 'dispatcherServlet'
2024-01-28 12:36:30,453 [INFO] org.springframework.web.servlet.DispatcherServlet {RMI TCP Connection(3)-127.0.0.1} Completed initialization in 3 ms
2024-01-28 12:38:15,432 [INFO] com.dl.advice.CustomLoggingFramework {http-nio-9090-exec-1} execution started List com.dl.controller.ActivityController.getAllActivitys() 
2024-01-28 12:38:15,456 [INFO] com.dl.advice.CustomLoggingFramework {http-nio-9090-exec-1} Request body []
2024-01-28 12:38:15,470 [INFO] com.dl.advice.CustomLoggingFramework {http-nio-9090-exec-1} execution started List com.dl.service.ActivityService.getAllActivitys() 
2024-01-28 12:38:15,471 [INFO] com.dl.advice.CustomLoggingFramework {http-nio-9090-exec-1} Request body []
2024-01-28 12:38:15,852 [INFO] com.dl.advice.CustomLoggingFramework {http-nio-9090-exec-1} execution ended List com.dl.service.ActivityService.getAllActivitys() 
2024-01-28 12:38:15,901 [INFO] com.dl.advice.CustomLoggingFramework {http-nio-9090-exec-1} Response  body [{"activityId":1,"activityName":"MakeOver","attributes":[],"active":true},{"activityId":2,"activityName":"ManagMent","attributes":[],"active":true}]
2024-01-28 12:38:15,902 [INFO] com.dl.advice.MetricsRegistryAdvice {http-nio-9090-exec-1} application collecting metrics
2024-01-28 12:38:15,906 [INFO] com.dl.advice.MetricsRegistryAdvice {http-nio-9090-exec-1} application publish the metrics
2024-01-28 12:38:15,906 [INFO] com.dl.advice.LogExecutionTracker {http-nio-9090-exec-1}  method List com.dl.controller.ActivityController.getAllActivitys() execution takes 436 ms times to complete 
2024-01-28 12:38:15,906 [INFO] com.dl.advice.CustomLoggingFramework {http-nio-9090-exec-1} execution ended List com.dl.controller.ActivityController.getAllActivitys() 
2024-01-28 12:38:15,910 [INFO] com.dl.advice.CustomLoggingFramework {http-nio-9090-exec-1} Response  body [{"activityId":1,"activityName":"MakeOver","attributes":[],"active":true},{"activityId":2,"activityName":"ManagMent","attributes":[],"active":true}]
2024-01-28 12:40:47,188 [INFO] com.dl.advice.CustomLoggingFramework {http-nio-9090-exec-4} execution started ResponseEntity com.dl.controller.VisitController.updateRecordsAccordingToStatus(VisitUpdateRequest) 
2024-01-28 12:40:47,195 [INFO] com.dl.advice.CustomLoggingFramework {http-nio-9090-exec-4} Request body [{"visitId":"1","status":"New Visit Status","comment":"New Visit Comment","processed":false}]
2024-01-28 12:40:47,199 [INFO] com.dl.advice.CustomLoggingFramework {http-nio-9090-exec-4} execution started void com.dl.service.VisitService.updateExistingVisitAndCreateNewRecord(String,String,Stores,String,List) 
2024-01-28 12:40:47,201 [INFO] com.dl.advice.CustomLoggingFramework {http-nio-9090-exec-4} Request body ["1","New Visit Status",null,"New Visit Comment",null]
2024-01-28 12:40:47,201 [INFO] com.dl.advice.CustomLoggingFramework {http-nio-9090-exec-4} execution started Optional org.springframework.data.repository.CrudRepository.findById(Object) 
2024-01-28 12:40:47,201 [INFO] com.dl.advice.CustomLoggingFramework {http-nio-9090-exec-4} Request body [1]
2024-01-28 12:40:47,244 [INFO] com.dl.advice.CustomLoggingFramework {http-nio-9090-exec-4} execution ended Optional org.springframework.data.repository.CrudRepository.findById(Object) 
2024-01-28 12:40:47,250 [INFO] com.dl.advice.CustomLoggingFramework {http-nio-9090-exec-4} Response  body {"empty":false,"present":true}
2024-01-28 12:40:47,250 [INFO] com.dl.advice.CustomLoggingFramework {http-nio-9090-exec-4} execution started Object org.springframework.data.repository.CrudRepository.save(Object) 
2024-01-28 12:40:47,250 [INFO] com.dl.advice.CustomLoggingFramework {http-nio-9090-exec-4} Request body [{"visitId":1,"comment":"looking good ","status":"Salesmen uploded store ","processed":true}]
2024-01-28 12:40:47,285 [INFO] com.dl.advice.CustomLoggingFramework {http-nio-9090-exec-4} execution ended Object org.springframework.data.repository.CrudRepository.save(Object) 
2024-01-28 12:40:47,285 [INFO] com.dl.advice.CustomLoggingFramework {http-nio-9090-exec-4} Response  body {"visitId":1,"comment":"looking good ","status":"Salesmen uploded store ","processed":true}
2024-01-28 12:40:47,288 [INFO] com.dl.advice.CustomLoggingFramework {http-nio-9090-exec-4} execution started Object org.springframework.data.repository.CrudRepository.save(Object) 
2024-01-28 12:40:47,291 [INFO] com.dl.advice.CustomLoggingFramework {http-nio-9090-exec-4} Request body [{"visitId":0,"comment":"New Visit Comment","status":"New Visit Status","processed":false}]
2024-01-28 12:40:47,382 [WARN] org.hibernate.engine.jdbc.spi.SqlExceptionHelper {http-nio-9090-exec-4} SQL Error: 1048, SQLState: 23000
2024-01-28 12:40:47,382 [ERROR] org.hibernate.engine.jdbc.spi.SqlExceptionHelper {http-nio-9090-exec-4} Column 'storeId' cannot be null
2024-01-28 12:40:47,410 [ERROR] com.dl.advice.ExceptionAlertAdvice {http-nio-9090-exec-4} Exception occurs in Object org.springframework.data.repository.CrudRepository.save(Object)
2024-01-28 12:40:47,410 [ERROR] com.dl.advice.ExceptionAlertAdvice {http-nio-9090-exec-4} Exception message  could not execute statement [Column 'storeId' cannot be null] [insert into Visit (comment,isProcessed,status,storeId) values (?,?,?,?)]; SQL [insert into Visit (comment,isProcessed,status,storeId) values (?,?,?,?)]; constraint [null]
2024-01-28 12:40:47,410 [ERROR] com.dl.advice.ExceptionAlertAdvice {http-nio-9090-exec-4} Exception occurs in void com.dl.service.VisitService.updateExistingVisitAndCreateNewRecord(String,String,Stores,String,List)
2024-01-28 12:40:47,410 [ERROR] com.dl.advice.ExceptionAlertAdvice {http-nio-9090-exec-4} Exception message  could not execute statement [Column 'storeId' cannot be null] [insert into Visit (comment,isProcessed,status,storeId) values (?,?,?,?)]; SQL [insert into Visit (comment,isProcessed,status,storeId) values (?,?,?,?)]; constraint [null]
2024-01-28 12:40:47,416 [INFO] com.dl.advice.MetricsRegistryAdvice {http-nio-9090-exec-4} application collecting metrics
2024-01-28 12:40:47,416 [INFO] com.dl.advice.MetricsRegistryAdvice {http-nio-9090-exec-4} application publish the metrics
2024-01-28 12:40:47,416 [INFO] com.dl.advice.LogExecutionTracker {http-nio-9090-exec-4}  method ResponseEntity com.dl.controller.VisitController.updateRecordsAccordingToStatus(VisitUpdateRequest) execution takes 220 ms times to complete 
2024-01-28 12:40:47,424 [INFO] com.dl.advice.CustomLoggingFramework {http-nio-9090-exec-4} execution ended ResponseEntity com.dl.controller.VisitController.updateRecordsAccordingToStatus(VisitUpdateRequest) 
2024-01-28 12:40:47,432 [INFO] com.dl.advice.CustomLoggingFramework {http-nio-9090-exec-4} Response  body {"headers":{},"body":"Error updating records: could not execute statement [Column 'storeId' cannot be null] [insert into Visit (comment,isProcessed,status,storeId) values (?,?,?,?)]; SQL [insert into Visit (comment,isProcessed,status,storeId) values (?,?,?,?)]; constraint [null]","statusCode":"INTERNAL_SERVER_ERROR","statusCodeValue":500}
2024-01-28 13:01:09,506 [WARN] com.zaxxer.hikari.pool.HikariPool {HikariPool-1 housekeeper} HikariPool-1 - Thread starvation or clock leap detected (housekeeper delta=7m20s992ms854µs700ns).
2024-01-28 13:23:36,471 [INFO] org.springframework.boot.admin.SpringApplicationAdminMXBeanRegistrar$SpringApplicationAdmin {RMI TCP Connection(47)-127.0.0.1} Application shutdown requested.
2024-01-28 13:23:36,849 [INFO] org.apache.catalina.core.StandardService {RMI TCP Connection(47)-127.0.0.1} Stopping service [Tomcat]
2024-01-28 13:23:36,882 [INFO] org.apache.catalina.core.ContainerBase.[Tomcat].[localhost].[/] {RMI TCP Connection(47)-127.0.0.1} Destroying Spring FrameworkServlet 'dispatcherServlet'
2024-01-28 13:23:37,090 [INFO] org.springframework.orm.jpa.LocalContainerEntityManagerFactoryBean {RMI TCP Connection(47)-127.0.0.1} Closing JPA EntityManagerFactory for persistence unit 'default'
2024-01-28 13:23:37,176 [INFO] com.zaxxer.hikari.HikariDataSource {RMI TCP Connection(47)-127.0.0.1} HikariPool-1 - Shutdown initiated...
2024-01-28 13:23:37,205 [INFO] com.zaxxer.hikari.HikariDataSource {RMI TCP Connection(47)-127.0.0.1} HikariPool-1 - Shutdown completed.
